{
"contracts/SimpleSwap.sol":{"l":{"80":23,"81":23,"83":23,"84":12,"85":12,"87":11,"88":11,"120":31,"121":28,"154":18,"156":18,"157":18,"158":18,"160":17,"161":17,"162":17,"164":17,"165":17,"168":17,"169":15,"170":15,"173":2,"174":2,"176":2,"177":1,"178":1,"181":0,"185":0,"189":15,"190":15,"193":15,"194":9,"195":9,"197":6,"198":6,"202":15,"203":15,"206":15,"232":5,"234":5,"235":5,"236":5,"238":5,"239":5,"240":5,"242":5,"243":5,"246":4,"247":4,"249":4,"250":3,"253":2,"254":2,"257":2,"258":1,"259":1,"261":1,"262":1,"266":2,"267":2,"270":2,"292":5,"294":5,"295":5,"296":5,"298":4,"299":4,"301":4,"308":3,"310":3,"311":3,"312":3,"314":3,"317":3,"318":3,"321":2,"322":1,"323":1,"325":1,"326":1,"330":2,"333":2,"335":2,"336":2,"337":2,"348":6,"349":4,"351":3,"353":2,"354":2,"355":2,"358":2,"376":3,"377":3,"378":3,"379":3,"380":3},"path":"/home/transfor/TP4/contracts/SimpleSwap.sol","s":{"1":23,"2":23,"3":23,"4":31,"5":18,"6":18,"7":18,"8":18,"9":17,"10":17,"11":17,"12":17,"13":15,"14":2,"15":2,"16":2,"17":1,"18":1,"19":0,"20":15,"21":15,"22":15,"23":15,"24":5,"25":5,"26":5,"27":5,"28":5,"29":5,"30":5,"31":5,"32":5,"33":4,"34":3,"35":2,"36":2,"37":2,"38":2,"39":5,"40":5,"41":5,"42":5,"43":4,"44":4,"45":4,"46":3,"47":3,"48":3,"49":3,"50":3,"51":3,"52":3,"53":2,"54":2,"55":2,"56":6,"57":4,"58":3,"59":1,"60":2,"61":2,"62":2,"63":2,"64":3,"65":3,"66":3,"67":3,"68":0,"69":3},"b":{"1":[23,0],"2":[23,0],"3":[12,11],"4":[28,3],"5":[19,0],"6":[18,1],"7":[18,0],"8":[9,9],"9":[18,0],"10":[17,1],"11":[9,8],"12":[9,8],"13":[15,2],"14":[15,0],"15":[1,1],"16":[1,0],"17":[0,1],"18":[0,0],"19":[9,6],"20":[6,0],"21":[5,1],"22":[5,0],"23":[4,1],"24":[5,0],"25":[5,0],"26":[4,1],"27":[4,1],"28":[4,1],"29":[3,1],"30":[2,1],"31":[1,1],"32":[6,0],"33":[5,1],"34":[5,0],"35":[5,0],"36":[4,1],"37":[3,1],"38":[2,1],"39":[2,1],"40":[2,1],"41":[3,0],"42":[2,1],"43":[1,1],"44":[4,2],"45":[3,1],"46":[2,1],"47":[1,2],"48":[1,0],"49":[1,1],"50":[1,1],"51":[0,3]},"f":{"1":23,"2":31,"3":18,"4":5,"5":5,"6":6,"7":3},"fnMap":{"1":{"name":"constructor","line":79,"loc":{"start":{"line":79,"column":4},"end":{"line":90,"column":4}}},"2":{"name":"ensure","line":119,"loc":{"start":{"line":119,"column":4},"end":{"line":122,"column":4}}},"3":{"name":"addLiquidity","line":152,"loc":{"start":{"line":143,"column":4},"end":{"line":207,"column":4}}},"4":{"name":"removeLiquidity","line":230,"loc":{"start":{"line":222,"column":4},"end":{"line":271,"column":4}}},"5":{"name":"swapExactTokensForTokens","line":290,"loc":{"start":{"line":284,"column":4},"end":{"line":338,"column":4}}},"6":{"name":"getPrice","line":347,"loc":{"start":{"line":347,"column":4},"end":{"line":359,"column":4}}},"7":{"name":"getAmountOut","line":370,"loc":{"start":{"line":370,"column":4},"end":{"line":381,"column":4}}}},"statementMap":{"1":{"start":{"line":80,"column":8},"end":{"line":80,"column":87}},"2":{"start":{"line":81,"column":8},"end":{"line":81,"column":62}},"3":{"start":{"line":83,"column":8},"end":{"line":83,"column":3356}},"4":{"start":{"line":120,"column":8},"end":{"line":120,"column":66}},"5":{"start":{"line":154,"column":8},"end":{"line":154,"column":91}},"6":{"start":{"line":156,"column":8},"end":{"line":156,"column":129}},"7":{"start":{"line":157,"column":8},"end":{"line":157,"column":56}},"8":{"start":{"line":158,"column":8},"end":{"line":158,"column":74}},"9":{"start":{"line":160,"column":8},"end":{"line":160,"column":53}},"10":{"start":{"line":161,"column":8},"end":{"line":161,"column":70}},"11":{"start":{"line":162,"column":8},"end":{"line":162,"column":70}},"12":{"start":{"line":168,"column":8},"end":{"line":168,"column":6984}},"13":{"start":{"line":170,"column":12},"end":{"line":170,"column":58}},"14":{"start":{"line":173,"column":12},"end":{"line":173,"column":53}},"15":{"start":{"line":174,"column":12},"end":{"line":174,"column":53}},"16":{"start":{"line":176,"column":12},"end":{"line":176,"column":59}},"17":{"start":{"line":177,"column":12},"end":{"line":177,"column":70}},"18":{"start":{"line":178,"column":12},"end":{"line":178,"column":70}},"19":{"start":{"line":185,"column":12},"end":{"line":185,"column":63}},"20":{"start":{"line":189,"column":8},"end":{"line":189,"column":77}},"21":{"start":{"line":190,"column":8},"end":{"line":190,"column":77}},"22":{"start":{"line":193,"column":8},"end":{"line":193,"column":8246}},"23":{"start":{"line":206,"column":8},"end":{"line":206,"column":97}},"24":{"start":{"line":232,"column":8},"end":{"line":232,"column":91}},"25":{"start":{"line":234,"column":8},"end":{"line":234,"column":129}},"26":{"start":{"line":235,"column":8},"end":{"line":235,"column":56}},"27":{"start":{"line":236,"column":8},"end":{"line":236,"column":58}},"28":{"start":{"line":238,"column":8},"end":{"line":238,"column":53}},"29":{"start":{"line":239,"column":8},"end":{"line":239,"column":70}},"30":{"start":{"line":240,"column":8},"end":{"line":240,"column":70}},"31":{"start":{"line":242,"column":8},"end":{"line":242,"column":61}},"32":{"start":{"line":243,"column":8},"end":{"line":243,"column":74}},"33":{"start":{"line":249,"column":8},"end":{"line":249,"column":69}},"34":{"start":{"line":250,"column":8},"end":{"line":250,"column":69}},"35":{"start":{"line":257,"column":8},"end":{"line":257,"column":11230}},"36":{"start":{"line":266,"column":8},"end":{"line":266,"column":53}},"37":{"start":{"line":267,"column":8},"end":{"line":267,"column":53}},"38":{"start":{"line":270,"column":8},"end":{"line":270,"column":94}},"39":{"start":{"line":292,"column":8},"end":{"line":292,"column":91}},"40":{"start":{"line":294,"column":8},"end":{"line":294,"column":54}},"41":{"start":{"line":295,"column":8},"end":{"line":295,"column":56}},"42":{"start":{"line":296,"column":8},"end":{"line":296,"column":49}},"43":{"start":{"line":298,"column":8},"end":{"line":298,"column":34}},"44":{"start":{"line":299,"column":8},"end":{"line":299,"column":35}},"45":{"start":{"line":301,"column":8},"end":{"line":301,"column":13100}},"46":{"start":{"line":308,"column":8},"end":{"line":308,"column":73}},"47":{"start":{"line":310,"column":8},"end":{"line":310,"column":55}},"48":{"start":{"line":311,"column":8},"end":{"line":311,"column":72}},"49":{"start":{"line":312,"column":8},"end":{"line":312,"column":73}},"50":{"start":{"line":314,"column":8},"end":{"line":314,"column":72}},"51":{"start":{"line":317,"column":8},"end":{"line":317,"column":73}},"52":{"start":{"line":318,"column":8},"end":{"line":318,"column":63}},"53":{"start":{"line":321,"column":8},"end":{"line":321,"column":13938}},"54":{"start":{"line":330,"column":8},"end":{"line":330,"column":48}},"55":{"start":{"line":333,"column":8},"end":{"line":333,"column":76}},"56":{"start":{"line":348,"column":8},"end":{"line":348,"column":80}},"57":{"start":{"line":349,"column":8},"end":{"line":349,"column":117}},"58":{"start":{"line":351,"column":8},"end":{"line":351,"column":52}},"59":{"start":{"line":351,"column":44},"end":{"line":351,"column":52}},"60":{"start":{"line":353,"column":8},"end":{"line":353,"column":50}},"61":{"start":{"line":354,"column":8},"end":{"line":354,"column":64}},"62":{"start":{"line":355,"column":8},"end":{"line":355,"column":64}},"63":{"start":{"line":358,"column":8},"end":{"line":358,"column":43}},"64":{"start":{"line":376,"column":8},"end":{"line":376,"column":57}},"65":{"start":{"line":377,"column":8},"end":{"line":377,"column":56}},"66":{"start":{"line":378,"column":8},"end":{"line":378,"column":57}},"67":{"start":{"line":379,"column":8},"end":{"line":379,"column":38}},"68":{"start":{"line":379,"column":30},"end":{"line":379,"column":38}},"69":{"start":{"line":380,"column":8},"end":{"line":380,"column":38}}},"branchMap":{"1":{"line":80,"type":"if","locations":[{"start":{"line":80,"column":8},"end":{"line":80,"column":8}},{"start":{"line":80,"column":8},"end":{"line":80,"column":8}}]},"2":{"line":81,"type":"if","locations":[{"start":{"line":81,"column":8},"end":{"line":81,"column":8}},{"start":{"line":81,"column":8},"end":{"line":81,"column":8}}]},"3":{"line":83,"type":"if","locations":[{"start":{"line":83,"column":8},"end":{"line":83,"column":8}},{"start":{"line":83,"column":8},"end":{"line":83,"column":8}}]},"4":{"line":120,"type":"if","locations":[{"start":{"line":120,"column":8},"end":{"line":120,"column":8}},{"start":{"line":120,"column":8},"end":{"line":120,"column":8}}]},"5":{"line":152,"type":"if","locations":[{"start":{"line":152,"column":15},"end":{"line":152,"column":15}},{"start":{"line":152,"column":15},"end":{"line":152,"column":15}}]},"6":{"line":152,"type":"if","locations":[{"start":{"line":152,"column":28},"end":{"line":152,"column":28}},{"start":{"line":152,"column":28},"end":{"line":152,"column":28}}]},"7":{"line":156,"type":"if","locations":[{"start":{"line":156,"column":8},"end":{"line":156,"column":8}},{"start":{"line":156,"column":8},"end":{"line":156,"column":8}}]},"8":{"line":156,"type":"cond-expr","locations":[{"start":{"line":156,"column":16},"end":{"line":156,"column":61}},{"start":{"line":156,"column":66},"end":{"line":156,"column":111}}]},"9":{"line":157,"type":"if","locations":[{"start":{"line":157,"column":8},"end":{"line":157,"column":8}},{"start":{"line":157,"column":8},"end":{"line":157,"column":8}}]},"10":{"line":158,"type":"if","locations":[{"start":{"line":158,"column":8},"end":{"line":158,"column":8}},{"start":{"line":158,"column":8},"end":{"line":158,"column":8}}]},"11":{"line":161,"type":"if","locations":[{"start":{"line":161,"column":45},"end":{"line":161,"column":55}},{"start":{"line":161,"column":59},"end":{"line":161,"column":69}}]},"12":{"line":162,"type":"if","locations":[{"start":{"line":162,"column":45},"end":{"line":162,"column":55}},{"start":{"line":162,"column":59},"end":{"line":162,"column":69}}]},"13":{"line":168,"type":"if","locations":[{"start":{"line":168,"column":8},"end":{"line":168,"column":8}},{"start":{"line":168,"column":8},"end":{"line":168,"column":8}}]},"14":{"line":170,"type":"if","locations":[{"start":{"line":170,"column":12},"end":{"line":170,"column":12}},{"start":{"line":170,"column":12},"end":{"line":170,"column":12}}]},"15":{"line":176,"type":"if","locations":[{"start":{"line":176,"column":12},"end":{"line":176,"column":12}},{"start":{"line":176,"column":12},"end":{"line":176,"column":12}}]},"16":{"line":177,"type":"if","locations":[{"start":{"line":177,"column":12},"end":{"line":177,"column":12}},{"start":{"line":177,"column":12},"end":{"line":177,"column":12}}]},"17":{"line":178,"type":"if","locations":[{"start":{"line":178,"column":12},"end":{"line":178,"column":12}},{"start":{"line":178,"column":12},"end":{"line":178,"column":12}}]},"18":{"line":185,"type":"if","locations":[{"start":{"line":185,"column":12},"end":{"line":185,"column":12}},{"start":{"line":185,"column":12},"end":{"line":185,"column":12}}]},"19":{"line":193,"type":"if","locations":[{"start":{"line":193,"column":8},"end":{"line":193,"column":8}},{"start":{"line":193,"column":8},"end":{"line":193,"column":8}}]},"20":{"line":230,"type":"if","locations":[{"start":{"line":230,"column":15},"end":{"line":230,"column":15}},{"start":{"line":230,"column":15},"end":{"line":230,"column":15}}]},"21":{"line":230,"type":"if","locations":[{"start":{"line":230,"column":28},"end":{"line":230,"column":28}},{"start":{"line":230,"column":28},"end":{"line":230,"column":28}}]},"22":{"line":234,"type":"if","locations":[{"start":{"line":234,"column":8},"end":{"line":234,"column":8}},{"start":{"line":234,"column":8},"end":{"line":234,"column":8}}]},"23":{"line":234,"type":"cond-expr","locations":[{"start":{"line":234,"column":16},"end":{"line":234,"column":61}},{"start":{"line":234,"column":66},"end":{"line":234,"column":111}}]},"24":{"line":235,"type":"if","locations":[{"start":{"line":235,"column":8},"end":{"line":235,"column":8}},{"start":{"line":235,"column":8},"end":{"line":235,"column":8}}]},"25":{"line":236,"type":"if","locations":[{"start":{"line":236,"column":8},"end":{"line":236,"column":8}},{"start":{"line":236,"column":8},"end":{"line":236,"column":8}}]},"26":{"line":239,"type":"if","locations":[{"start":{"line":239,"column":45},"end":{"line":239,"column":55}},{"start":{"line":239,"column":59},"end":{"line":239,"column":69}}]},"27":{"line":240,"type":"if","locations":[{"start":{"line":240,"column":45},"end":{"line":240,"column":55}},{"start":{"line":240,"column":59},"end":{"line":240,"column":69}}]},"28":{"line":243,"type":"if","locations":[{"start":{"line":243,"column":8},"end":{"line":243,"column":8}},{"start":{"line":243,"column":8},"end":{"line":243,"column":8}}]},"29":{"line":249,"type":"if","locations":[{"start":{"line":249,"column":8},"end":{"line":249,"column":8}},{"start":{"line":249,"column":8},"end":{"line":249,"column":8}}]},"30":{"line":250,"type":"if","locations":[{"start":{"line":250,"column":8},"end":{"line":250,"column":8}},{"start":{"line":250,"column":8},"end":{"line":250,"column":8}}]},"31":{"line":257,"type":"if","locations":[{"start":{"line":257,"column":8},"end":{"line":257,"column":8}},{"start":{"line":257,"column":8},"end":{"line":257,"column":8}}]},"32":{"line":290,"type":"if","locations":[{"start":{"line":290,"column":15},"end":{"line":290,"column":15}},{"start":{"line":290,"column":15},"end":{"line":290,"column":15}}]},"33":{"line":290,"type":"if","locations":[{"start":{"line":290,"column":28},"end":{"line":290,"column":28}},{"start":{"line":290,"column":28},"end":{"line":290,"column":28}}]},"34":{"line":294,"type":"if","locations":[{"start":{"line":294,"column":8},"end":{"line":294,"column":8}},{"start":{"line":294,"column":8},"end":{"line":294,"column":8}}]},"35":{"line":295,"type":"if","locations":[{"start":{"line":295,"column":8},"end":{"line":295,"column":8}},{"start":{"line":295,"column":8},"end":{"line":295,"column":8}}]},"36":{"line":296,"type":"if","locations":[{"start":{"line":296,"column":8},"end":{"line":296,"column":8}},{"start":{"line":296,"column":8},"end":{"line":296,"column":8}}]},"37":{"line":301,"type":"if","locations":[{"start":{"line":301,"column":8},"end":{"line":301,"column":8}},{"start":{"line":301,"column":8},"end":{"line":301,"column":8}}]},"38":{"line":302,"type":"cond-expr","locations":[{"start":{"line":302,"column":12},"end":{"line":302,"column":60}},{"start":{"line":303,"column":12},"end":{"line":303,"column":60}}]},"39":{"line":311,"type":"if","locations":[{"start":{"line":311,"column":47},"end":{"line":311,"column":57}},{"start":{"line":311,"column":61},"end":{"line":311,"column":71}}]},"40":{"line":312,"type":"if","locations":[{"start":{"line":312,"column":48},"end":{"line":312,"column":58}},{"start":{"line":312,"column":62},"end":{"line":312,"column":72}}]},"41":{"line":314,"type":"if","locations":[{"start":{"line":314,"column":8},"end":{"line":314,"column":8}},{"start":{"line":314,"column":8},"end":{"line":314,"column":8}}]},"42":{"line":318,"type":"if","locations":[{"start":{"line":318,"column":8},"end":{"line":318,"column":8}},{"start":{"line":318,"column":8},"end":{"line":318,"column":8}}]},"43":{"line":321,"type":"if","locations":[{"start":{"line":321,"column":8},"end":{"line":321,"column":8}},{"start":{"line":321,"column":8},"end":{"line":321,"column":8}}]},"44":{"line":348,"type":"if","locations":[{"start":{"line":348,"column":8},"end":{"line":348,"column":8}},{"start":{"line":348,"column":8},"end":{"line":348,"column":8}}]},"45":{"line":349,"type":"if","locations":[{"start":{"line":349,"column":8},"end":{"line":349,"column":8}},{"start":{"line":349,"column":8},"end":{"line":349,"column":8}}]},"46":{"line":349,"type":"cond-expr","locations":[{"start":{"line":349,"column":16},"end":{"line":349,"column":55}},{"start":{"line":349,"column":60},"end":{"line":349,"column":99}}]},"47":{"line":351,"type":"if","locations":[{"start":{"line":351,"column":8},"end":{"line":351,"column":8}},{"start":{"line":351,"column":8},"end":{"line":351,"column":8}}]},"48":{"line":351,"type":"cond-expr","locations":[{"start":{"line":351,"column":12},"end":{"line":351,"column":24}},{"start":{"line":351,"column":29},"end":{"line":351,"column":41}}]},"49":{"line":354,"type":"if","locations":[{"start":{"line":354,"column":45},"end":{"line":354,"column":52}},{"start":{"line":354,"column":56},"end":{"line":354,"column":63}}]},"50":{"line":355,"type":"if","locations":[{"start":{"line":355,"column":45},"end":{"line":355,"column":52}},{"start":{"line":355,"column":56},"end":{"line":355,"column":63}}]},"51":{"line":379,"type":"if","locations":[{"start":{"line":379,"column":8},"end":{"line":379,"column":8}},{"start":{"line":379,"column":8},"end":{"line":379,"column":8}}]}}},
"contracts/TokenA.sol":{"l":{"15":23},"path":"/home/transfor/TP4/contracts/TokenA.sol","s":{"1":23},"b":{"1":[23,0]},"f":{"1":23,"2":23},"fnMap":{"1":{"name":"constructor","line":11,"loc":{"start":{"line":9,"column":4},"end":{"line":12,"column":5}}},"2":{"name":"mint","line":14,"loc":{"start":{"line":14,"column":4},"end":{"line":16,"column":4}}}},"statementMap":{"1":{"start":{"line":15,"column":8},"end":{"line":15,"column":24}}},"branchMap":{"1":{"line":14,"type":"if","locations":[{"start":{"line":14,"column":53},"end":{"line":14,"column":53}},{"start":{"line":14,"column":53},"end":{"line":14,"column":53}}]}}},
"contracts/TokenB.sol":{"l":{"15":23},"path":"/home/transfor/TP4/contracts/TokenB.sol","s":{"1":23},"b":{"1":[23,0]},"f":{"1":23,"2":23},"fnMap":{"1":{"name":"constructor","line":11,"loc":{"start":{"line":9,"column":4},"end":{"line":12,"column":5}}},"2":{"name":"mint","line":14,"loc":{"start":{"line":14,"column":4},"end":{"line":16,"column":4}}}},"statementMap":{"1":{"start":{"line":15,"column":8},"end":{"line":15,"column":24}}},"branchMap":{"1":{"line":14,"type":"if","locations":[{"start":{"line":14,"column":53},"end":{"line":14,"column":53}},{"start":{"line":14,"column":53},"end":{"line":14,"column":53}}]}}}}
