TN:
SF:/home/transfor/TP4/contracts/SimpleSwap.sol
FN:79,constructor
FN:119,ensure
FN:152,addLiquidity
FN:230,removeLiquidity
FN:290,swapExactTokensForTokens
FN:347,getPrice
FN:370,getAmountOut
FNF:7
FNH:7
FNDA:23,constructor
FNDA:31,ensure
FNDA:18,addLiquidity
FNDA:5,removeLiquidity
FNDA:5,swapExactTokensForTokens
FNDA:6,getPrice
FNDA:3,getAmountOut
DA:80,23
DA:81,23
DA:83,23
DA:84,12
DA:85,12
DA:87,11
DA:88,11
DA:120,31
DA:121,28
DA:154,18
DA:156,18
DA:157,18
DA:158,18
DA:160,17
DA:161,17
DA:162,17
DA:164,17
DA:165,17
DA:168,17
DA:169,15
DA:170,15
DA:173,2
DA:174,2
DA:176,2
DA:177,1
DA:178,1
DA:181,0
DA:185,0
DA:189,15
DA:190,15
DA:193,15
DA:194,9
DA:195,9
DA:197,6
DA:198,6
DA:202,15
DA:203,15
DA:206,15
DA:232,5
DA:234,5
DA:235,5
DA:236,5
DA:238,5
DA:239,5
DA:240,5
DA:242,5
DA:243,5
DA:246,4
DA:247,4
DA:249,4
DA:250,3
DA:253,2
DA:254,2
DA:257,2
DA:258,1
DA:259,1
DA:261,1
DA:262,1
DA:266,2
DA:267,2
DA:270,2
DA:292,5
DA:294,5
DA:295,5
DA:296,5
DA:298,4
DA:299,4
DA:301,4
DA:308,3
DA:310,3
DA:311,3
DA:312,3
DA:314,3
DA:317,3
DA:318,3
DA:321,2
DA:322,1
DA:323,1
DA:325,1
DA:326,1
DA:330,2
DA:333,2
DA:335,2
DA:336,2
DA:337,2
DA:348,6
DA:349,4
DA:351,3
DA:353,2
DA:354,2
DA:355,2
DA:358,2
DA:376,3
DA:377,3
DA:378,3
DA:379,3
DA:380,3
LF:97
LH:95
BRDA:80,1,0,23
BRDA:80,1,1,0
BRDA:81,2,0,23
BRDA:81,2,1,0
BRDA:83,3,0,12
BRDA:83,3,1,11
BRDA:120,4,0,28
BRDA:120,4,1,3
BRDA:152,5,0,19
BRDA:152,5,1,0
BRDA:152,6,0,18
BRDA:152,6,1,1
BRDA:156,7,0,18
BRDA:156,7,1,0
BRDA:156,8,0,9
BRDA:156,8,1,9
BRDA:157,9,0,18
BRDA:157,9,1,0
BRDA:158,10,0,17
BRDA:158,10,1,1
BRDA:161,11,0,9
BRDA:161,11,1,8
BRDA:162,12,0,9
BRDA:162,12,1,8
BRDA:168,13,0,15
BRDA:168,13,1,2
BRDA:170,14,0,15
BRDA:170,14,1,0
BRDA:176,15,0,1
BRDA:176,15,1,1
BRDA:177,16,0,1
BRDA:177,16,1,0
BRDA:178,17,0,0
BRDA:178,17,1,1
BRDA:185,18,0,0
BRDA:185,18,1,0
BRDA:193,19,0,9
BRDA:193,19,1,6
BRDA:230,20,0,6
BRDA:230,20,1,0
BRDA:230,21,0,5
BRDA:230,21,1,1
BRDA:234,22,0,5
BRDA:234,22,1,0
BRDA:234,23,0,4
BRDA:234,23,1,1
BRDA:235,24,0,5
BRDA:235,24,1,0
BRDA:236,25,0,5
BRDA:236,25,1,0
BRDA:239,26,0,4
BRDA:239,26,1,1
BRDA:240,27,0,4
BRDA:240,27,1,1
BRDA:243,28,0,4
BRDA:243,28,1,1
BRDA:249,29,0,3
BRDA:249,29,1,1
BRDA:250,30,0,2
BRDA:250,30,1,1
BRDA:257,31,0,1
BRDA:257,31,1,1
BRDA:290,32,0,6
BRDA:290,32,1,0
BRDA:290,33,0,5
BRDA:290,33,1,1
BRDA:294,34,0,5
BRDA:294,34,1,0
BRDA:295,35,0,5
BRDA:295,35,1,0
BRDA:296,36,0,4
BRDA:296,36,1,1
BRDA:301,37,0,3
BRDA:301,37,1,1
BRDA:302,38,0,2
BRDA:302,38,1,1
BRDA:311,39,0,2
BRDA:311,39,1,1
BRDA:312,40,0,2
BRDA:312,40,1,1
BRDA:314,41,0,3
BRDA:314,41,1,0
BRDA:318,42,0,2
BRDA:318,42,1,1
BRDA:321,43,0,1
BRDA:321,43,1,1
BRDA:348,44,0,4
BRDA:348,44,1,2
BRDA:349,45,0,3
BRDA:349,45,1,1
BRDA:349,46,0,2
BRDA:349,46,1,1
BRDA:351,47,0,1
BRDA:351,47,1,2
BRDA:351,48,0,1
BRDA:351,48,1,0
BRDA:354,49,0,1
BRDA:354,49,1,1
BRDA:355,50,0,1
BRDA:355,50,1,1
BRDA:379,51,0,0
BRDA:379,51,1,3
BRF:102
BRH:82
end_of_record
TN:
SF:/home/transfor/TP4/contracts/TokenA.sol
FN:11,constructor
FN:14,mint
FNF:2
FNH:2
FNDA:23,constructor
FNDA:23,mint
DA:15,23
LF:1
LH:1
BRDA:14,1,0,23
BRDA:14,1,1,0
BRF:2
BRH:1
end_of_record
TN:
SF:/home/transfor/TP4/contracts/TokenB.sol
FN:11,constructor
FN:14,mint
FNF:2
FNH:2
FNDA:23,constructor
FNDA:23,mint
DA:15,23
LF:1
LH:1
BRDA:14,1,0,23
BRDA:14,1,1,0
BRF:2
BRH:1
end_of_record
